Added Component: Designator=C1(RAD-0.3)
Added Component: Designator=D1(3.5X2.8X1.9)
Added Component: Designator=D1(SMB)
Added Component: Designator=D2(3.5X2.8X1.9)
Added Component: Designator=L1(0402-A)
Added Component: Designator=P?(HDR1X3)
Added Component: Designator=Q1(E3)
Added Component: Designator=R1(J1-0603)
Added Component: Designator=R2(J1-0603)
Added Component: Designator=R3(J1-0603)
Added Component: Designator=R4(J1-0603)
Added Component: Designator=R5(J1-0603)
Added Component: Designator=ST(STM32_MagLev)
Added Pin To Net: NetName=3V Pin=ST-3
Added Net: Name=3V
Added Pin To Net: NetName=5V Pin=C1-2
Added Pin To Net: NetName=5V Pin=D1-2
Added Pin To Net: NetName=5V Pin=L1-2
Added Pin To Net: NetName=5V Pin=P?-1
Added Pin To Net: NetName=5V Pin=ST-4
Added Net: Name=5V
Added Pin To Net: NetName=GND Pin=C1-1
Added Pin To Net: NetName=GND Pin=P?-3
Added Pin To Net: NetName=GND Pin=Q1-3
Added Pin To Net: NetName=GND Pin=R1-1
Added Pin To Net: NetName=GND Pin=R3-1
Added Pin To Net: NetName=GND Pin=R4-1
Added Pin To Net: NetName=GND Pin=R5-1
Added Pin To Net: NetName=GND Pin=ST-7
Added Net: Name=GND
Added Pin To Net: NetName=LED_GREEN Pin=D1-1
Added Pin To Net: NetName=LED_GREEN Pin=ST-5
Added Net: Name=LED_GREEN
Added Pin To Net: NetName=LED_RED Pin=D2-1
Added Pin To Net: NetName=LED_RED Pin=ST-6
Added Net: Name=LED_RED
Added Pin To Net: NetName=NetD1_1 Pin=D1-1
Added Pin To Net: NetName=NetD1_1 Pin=L1-1
Added Pin To Net: NetName=NetD1_1 Pin=Q1-1
Added Net: Name=NetD1_1
Added Pin To Net: NetName=NetD1_2 Pin=D1-2
Added Pin To Net: NetName=NetD1_2 Pin=R5-2
Added Net: Name=NetD1_2
Added Pin To Net: NetName=NetD2_2 Pin=D2-2
Added Pin To Net: NetName=NetD2_2 Pin=R4-2
Added Net: Name=NetD2_2
Added Pin To Net: NetName=PWM Pin=Q1-2
Added Pin To Net: NetName=PWM Pin=R1-2
Added Pin To Net: NetName=PWM Pin=ST-1
Added Net: Name=PWM
Added Pin To Net: NetName=SENSOR_OUTPUT Pin=R2-1
Added Pin To Net: NetName=SENSOR_OUTPUT Pin=R3-2
Added Pin To Net: NetName=SENSOR_OUTPUT Pin=ST-2
Added Net: Name=SENSOR_OUTPUT
Added Pin To Net: NetName=SENSOR_VOUT Pin=R2-2
Added Net: Name=SENSOR_VOUT
Added Class: Name=schematic
Added Room: Name=schematic
